#
# There is insufficient memory for the Java Runtime Environment to continue.
# Native memory allocation (malloc) failed to allocate 1406104 bytes. Error detail: Chunk::new
# Possible reasons:
#   The system is out of physical RAM or swap space
#   This process is running with CompressedOops enabled, and the Java Heap may be blocking the growth of the native heap
# Possible solutions:
#   Reduce memory load on the system
#   Increase physical memory or swap space
#   Check if swap backing store is full
#   Decrease Java heap size (-Xmx/-Xms)
#   Decrease number of Java threads
#   Decrease Java thread stack sizes (-Xss)
#   Set larger code cache with -XX:ReservedCodeCacheSize=
#   JVM is running with Unscaled Compressed Oops mode in which the Java heap is
#     placed in the first 4GB address space. The Java Heap base address is the
#     maximum limit for the native heap growth. Please use -XX:HeapBaseMinAddress
#     to set the Java Heap base and to place the Java Heap above 4GB virtual address.
# This output file may be truncated or incomplete.
#
#  Out of Memory Error (arena.cpp:186), pid=39340, tid=4372
#
# JRE version: OpenJDK Runtime Environment Temurin-25.0.3+9 (25.0.3+9) (build 25.0.3+9-LTS)
# Java VM: OpenJDK 64-Bit Server VM Temurin-25.0.3+9 (25.0.3+9-LTS, mixed mode, sharing, tiered, compressed oops, compressed class ptrs, g1 gc, windows-amd64)
# No core dump will be written. Minidumps are not enabled by default on client versions of Windows
#

---------------  S U M M A R Y ------------

Command Line: C:\Users\lenovo\AppData\Local\Temp\surefire3297527423811361606\surefirebooter-20260707121031833_3.jar C:\Users\lenovo\AppData\Local\Temp\surefire3297527423811361606 2026-07-07T12-10-31_034-jvmRun1 surefire-20260707121031833_1tmp surefire_0-20260707121031833_2tmp

Host: Intel(R) Core(TM) i5-7200U CPU @ 2.50GHz, 4 cores, 3G,  Windows 10 , 64 bit Build 19041 (10.0.19041.5915)
Time: Tue Jul  7 12:13:09 2026 India Standard Time elapsed time: 157.449116 seconds (0d 0h 2m 37s)

---------------  T H R E A D  ---------------

Current thread (0x0000016b25e0b210):  JavaThread "C2 CompilerThread0" daemon [_thread_in_native, id=4372, stack(0x0000003e0cf00000,0x0000003e0d000000) (1024K)]


Current CompileTask:
C2:157449 3577       4       java.lang.String$CaseInsensitiveComparator::compare (13 bytes)

Stack: [0x0000003e0cf00000,0x0000003e0d000000]
Native frames: (J=compiled Java code, j=interpreted, Vv=VM code, C=native code)
V  [jvm.dll+0x7aa709]  (no source info available)
V  [jvm.dll+0x7749ed]  (no source info available)
V  [jvm.dll+0x9f7433]  (no source info available)
V  [jvm.dll+0x9f9a21]  (no source info available)
V  [jvm.dll+0x9fa133]  (no source info available)
V  [jvm.dll+0x2fd266]  (no source info available)
V  [jvm.dll+0x1113c6]  (no source info available)
V  [jvm.dll+0x1116ee]  (no source info available)
V  [jvm.dll+0x1a0342]  (no source info available)
V  [jvm.dll+0x3b67e2]  (no source info available)
V  [jvm.dll+0x7b007c]  (no source info available)
V  [jvm.dll+0x2c0847]  (no source info available)
V  [jvm.dll+0x2bf80f]  (no source info available)
V  [jvm.dll+0x2374a0]  (no source info available)
V  [jvm.dll+0x2cf906]  (no source info available)
V  [jvm.dll+0x2cdb8a]  (no source info available)
V  [jvm.dll+0x49070e]  (no source info available)
V  [jvm.dll+0x99894d]  (no source info available)
V  [jvm.dll+0x7a8ce5]  (no source info available)
C  [ucrtbase.dll+0x21bb2]  (no source info available)
C  [KERNEL32.DLL+0x17374]  (no source info available)
C  [ntdll.dll+0x4cc91]  (no source info available)

Lock stack of current Java thread (top to bottom):


---------------  P R O C E S S  ---------------

Threads class SMR info:
_java_thread_list=0x0000016b41a1c290, length=37, elements={
0x0000016b23b6efe0, 0x0000016b25e00390, 0x0000016b25e010a0, 0x0000016b25e058f0,
0x0000016b25e074c0, 0x0000016b25e08820, 0x0000016b25e09b80, 0x0000016b25e0b210,
0x0000016b25e13ae0, 0x0000016b41105360, 0x0000016b4110b530, 0x0000016b4136fe00,
0x0000016b4173aff0, 0x0000016b46632110, 0x0000016b466301d0, 0x0000016b4662b3b0,
0x0000016b4662c350, 0x0000016b463fed30, 0x0000016b41b25ac0, 0x0000016b41b27230,
0x0000016b41b26290, 0x0000016b41b2a110, 0x0000016b463fd5c0, 0x0000016b463fe560,
0x0000016b463faeb0, 0x0000016b4662dac0, 0x0000016b46631170, 0x0000016b466328e0,
0x0000016b4662bb80, 0x0000016b41b27a00, 0x0000016b41b26a60, 0x0000016b41b2b0b0,
0x0000016b41b24350, 0x0000016b46401440, 0x0000016b46401c10, 0x0000016b411086c0,
0x0000016b414c3aa0
}

Java Threads: ( => current thread )
  0x0000016b23b6efe0 JavaThread "main"                              [_thread_in_native, id=33728, stack(0x0000003e0c100000,0x0000003e0c200000) (1024K)]
  0x0000016b25e00390 JavaThread "Reference Handler"          daemon [_thread_blocked, id=41432, stack(0x0000003e0c900000,0x0000003e0ca00000) (1024K)]
  0x0000016b25e010a0 JavaThread "Finalizer"                  daemon [_thread_blocked, id=3052, stack(0x0000003e0ca00000,0x0000003e0cb00000) (1024K)]
  0x0000016b25e058f0 JavaThread "Signal Dispatcher"          daemon [_thread_blocked, id=23376, stack(0x0000003e0cb00000,0x0000003e0cc00000) (1024K)]
  0x0000016b25e074c0 JavaThread "Attach Listener"            daemon [_thread_blocked, id=31144, stack(0x0000003e0cc00000,0x0000003e0cd00000) (1024K)]
  0x0000016b25e08820 JavaThread "Service Thread"             daemon [_thread_blocked, id=35204, stack(0x0000003e0cd00000,0x0000003e0ce00000) (1024K)]
  0x0000016b25e09b80 JavaThread "Monitor Deflation Thread"   daemon [_thread_blocked, id=42696, stack(0x0000003e0ce00000,0x0000003e0cf00000) (1024K)]
=>0x0000016b25e0b210 JavaThread "C2 CompilerThread0"         daemon [_thread_in_native, id=4372, stack(0x0000003e0cf00000,0x0000003e0d000000) (1024K)]
  0x0000016b25e13ae0 JavaThread "C1 CompilerThread0"         daemon [_thread_blocked, id=43344, stack(0x0000003e0d000000,0x0000003e0d100000) (1024K)]
  0x0000016b41105360 JavaThread "Notification Thread"        daemon [_thread_blocked, id=35440, stack(0x0000003e0d100000,0x0000003e0d200000) (1024K)]
  0x0000016b4110b530 JavaThread "Common-Cleaner"             daemon [_thread_blocked, id=24136, stack(0x0000003e0d200000,0x0000003e0d300000) (1024K)]
  0x0000016b4136fe00 JavaThread "surefire-forkedjvm-stream-flusher" daemon [_thread_blocked, id=42280, stack(0x0000003e0d300000,0x0000003e0d400000) (1024K)]
  0x0000016b4173aff0 JavaThread "surefire-forkedjvm-command-thread" daemon [_thread_in_native, id=44724, stack(0x0000003e0d400000,0x0000003e0d500000) (1024K)]
  0x0000016b46632110 JavaThread "HttpClient-3-SelectorManager" daemon [_thread_in_native, id=16556, stack(0x0000003e0dc00000,0x0000003e0dd00000) (1024K)]
  0x0000016b466301d0 JavaThread "External Process Output Forwarder - C:\Users\lenovo\.cache\selenium\chromedriver\win64\150.0.7871.46\chromedriver.exe" daemon [_thread_in_native, id=40520, stack(0x0000003e0dd00000,0x0000003e0de00000) (1024K)]
  0x0000016b4662b3b0 JavaThread "Driver Service Executor"    daemon [_thread_blocked, id=46056, stack(0x0000003e0de00000,0x0000003e0df00000) (1024K)]
  0x0000016b4662c350 JavaThread "Driver Service Executor"    daemon [_thread_blocked, id=29036, stack(0x0000003e0e100000,0x0000003e0e200000) (1024K)]
  0x0000016b463fed30 JavaThread "HttpClient-4-SelectorManager" daemon [_thread_in_native, id=16332, stack(0x0000003e0e800000,0x0000003e0e900000) (1024K)]
  0x0000016b41b25ac0 JavaThread "JdkHttpClient-2-3"          daemon [_thread_blocked, id=36108, stack(0x0000003e0be00000,0x0000003e0bf00000) (1024K)]
  0x0000016b41b27230 JavaThread "JdkHttpClient-2-4"          daemon [_thread_blocked, id=9888, stack(0x0000003e0bf00000,0x0000003e0c000000) (1024K)]
  0x0000016b41b26290 JavaThread "ForkJoinPool.commonPool-worker-4" daemon [_thread_blocked, id=43556, stack(0x0000003e0c000000,0x0000003e0c100000) (1024K)]
  0x0000016b41b2a110 JavaThread "UrlChecker-3"               daemon [_thread_blocked, id=32176, stack(0x0000003e0e200000,0x0000003e0e300000) (1024K)]
  0x0000016b463fd5c0 JavaThread "JdkHttpClient-4-0"          daemon [_thread_blocked, id=42892, stack(0x0000003e0e400000,0x0000003e0e500000) (1024K)]
  0x0000016b463fe560 JavaThread "JdkHttpClient-4-1"          daemon [_thread_blocked, id=24188, stack(0x0000003e0e900000,0x0000003e0ea00000) (1024K)]
  0x0000016b463faeb0 JavaThread "JdkHttpClient-4-2"          daemon [_thread_blocked, id=2344, stack(0x0000003e0ea00000,0x0000003e0eb00000) (1024K)]
  0x0000016b4662dac0 JavaThread "Keep-Alive-Timer"           daemon [_thread_blocked, id=41296, stack(0x0000003e0e300000,0x0000003e0e400000) (1024K)]
  0x0000016b46631170 JavaThread "HttpClient-6-SelectorManager" daemon [_thread_in_native, id=39308, stack(0x0000003e0d500000,0x0000003e0d600000) (1024K)]
  0x0000016b466328e0 JavaThread "External Process Output Forwarder - C:\Users\lenovo\.cache\selenium\chromedriver\win64\150.0.7871.46\chromedriver.exe" daemon [_thread_in_native, id=20312, stack(0x0000003e0d600000,0x0000003e0d700000) (1024K)]
  0x0000016b4662bb80 JavaThread "Driver Service Executor"    daemon [_thread_blocked, id=41252, stack(0x0000003e0d700000,0x0000003e0d800000) (1024K)]
  0x0000016b41b27a00 JavaThread "Driver Service Executor"    daemon [_thread_in_native, id=25704, stack(0x0000003e0db00000,0x0000003e0dc00000) (1024K)]
  0x0000016b41b26a60 JavaThread "JdkHttpClient-5-0"          daemon [_thread_blocked, id=22832, stack(0x0000003e0df00000,0x0000003e0e000000) (1024K)]
  0x0000016b41b2b0b0 JavaThread "JdkHttpClient-5-1"          daemon [_thread_blocked, id=33188, stack(0x0000003e0e500000,0x0000003e0e600000) (1024K)]
  0x0000016b41b24350 JavaThread "JdkHttpClient-5-2"          daemon [_thread_blocked, id=24148, stack(0x0000003e0e600000,0x0000003e0e700000) (1024K)]
  0x0000016b46401440 JavaThread "HttpClient-7-SelectorManager" daemon [_thread_in_native, id=33612, stack(0x0000003e0e700000,0x0000003e0e800000) (1024K)]
  0x0000016b46401c10 JavaThread "JdkHttpClient-6-0"          daemon [_thread_blocked, id=45548, stack(0x0000003e0eb00000,0x0000003e0ec00000) (1024K)]
  0x0000016b411086c0 JavaThread "JdkHttpClient-6-1"          daemon [_thread_blocked, id=34696, stack(0x0000003e0ec00000,0x0000003e0ed00000) (1024K)]
  0x0000016b414c3aa0 JavaThread "JdkHttpClient-6-2"          daemon [_thread_blocked, id=43400, stack(0x0000003e0ed00000,0x0000003e0ee00000) (1024K)]
Total: 37

Other Threads:
  0x0000016b25dec310 VMThread "VM Thread"                           [id=33152, stack(0x0000003e0c800000,0x0000003e0c900000) (1024K)]
  0x0000016b4106ca10 WatcherThread "VM Periodic Task Thread"        [id=20844, stack(0x0000003e0c700000,0x0000003e0c800000) (1024K)]
  0x0000016b25d94b50 WorkerThread "GC Thread#0"                     [id=39612, stack(0x0000003e0c200000,0x0000003e0c300000) (1024K)]
  0x0000016b463c8260 WorkerThread "GC Thread#1"                     [id=17460, stack(0x0000003e0d800000,0x0000003e0d900000) (1024K)]
  0x0000016b463f95e0 WorkerThread "GC Thread#2"                     [id=30308, stack(0x0000003e0d900000,0x0000003e0da00000) (1024K)]
  0x0000016b463faa30 WorkerThread "GC Thread#3"                     [id=41364, stack(0x0000003e0da00000,0x0000003e0db00000) (1024K)]
  0x0000016b25da1800 ConcurrentGCThread "G1 Main Marker"            [id=37120, stack(0x0000003e0c300000,0x0000003e0c400000) (1024K)]
  0x0000016b25da4360 WorkerThread "G1 Conc#0"                       [id=45368, stack(0x0000003e0c400000,0x0000003e0c500000) (1024K)]
  0x0000016b25dcb8e0 ConcurrentGCThread "G1 Refine#0"               [id=38628, stack(0x0000003e0c500000,0x0000003e0c600000) (1024K)]
  0x0000016b25dcc2f0 ConcurrentGCThread "G1 Service"                [id=42120, stack(0x0000003e0c600000,0x0000003e0c700000) (1024K)]
Total: 10

Threads with active compile tasks:
C2 CompilerThread0  157628 3577       4       java.lang.String$CaseInsensitiveComparator::compare (13 bytes)
Total: 1

VM state: not at safepoint (normal execution)

VM Mutex/Monitor currently owned by a thread: None

Heap address: 0x00000000c1e00000, size: 994 MB, Compressed Oops mode: 32-bit

CDS archive(s) mapped at: [0x000000002d000000-0x000000002ddd0000-0x000000002ddd0000), size 14483456, SharedBaseAddress: 0x000000002d000000, ArchiveRelocationMode: 1.
Compressed class space mapped at: 0x000000002e000000-0x000000006e000000, reserved size: 1073741824
UseCompressedClassPointers 1, UseCompactObjectHeaders 0
Narrow klass pointer bits 32, Max shift 3
Narrow klass base: 0x000000002d000000, Narrow klass shift: 0
Encoding Range: [0x000000002d000000 - 0x000000012d000000), (4294967296 bytes)
Klass Range:    [0x000000002d010000 - 0x000000006e000000), (1090453504 bytes)
Klass ID Range:  [65536 - 1090519033) (1090453497)
Protection zone: [0x000000002d000000 - 0x000000002d010000), (65536 bytes)

GC Precious Log:
 CardTable entry size: 512
 Card Set container configuration: InlinePtr #cards 5 size 8 Array Of Cards #cards 10 size 36 Howl #buckets 4 coarsen threshold 1843 Howl Bitmap #cards 512 size 80 coarsen threshold 460 Card regions per heap region 1 cards per card region 2048
 CPUs: 4 total, 4 available
 Memory: 3970M
 Large Page Support: Disabled
 NUMA Support: Disabled
 Compressed Oops: Enabled (32-bit)
 Heap Region Size: 1M
 Heap Min Capacity: 8M
 Heap Initial Capacity: 64M
 Heap Max Capacity: 994M
 Pre-touch: Disabled
 Parallel Workers: 4
 Concurrent Workers: 1
 Concurrent Refinement Workers: 4
 Periodic GC: Disabled

Heap:
 garbage-first heap   total reserved 1017856K, committed 45056K, used 29425K [0x00000000c1e00000, 0x0000000100000000)
  region size 1024K, 18 young (18432K), 2 survivors (2048K)

Heap Regions: E=young(eden), S=young(survivor), O=old, HS=humongous(starts), HC=humongous(continues), CS=collection set, F=free, TAMS=top-at-mark-start, PB=parsable bottom
|   0|0x00000000c1e00000, 0x00000000c1f00000, 0x00000000c1f00000|100%| O|  |TAMS 0x00000000c1e00000| PB 0x00000000c1e00000| Untracked |  0
|   1|0x00000000c1f00000, 0x00000000c2000000, 0x00000000c2000000|100%| O|  |TAMS 0x00000000c1f00000| PB 0x00000000c1f00000| Untracked |  0
|   2|0x00000000c2000000, 0x00000000c2100000, 0x00000000c2100000|100%| O|  |TAMS 0x00000000c2000000| PB 0x00000000c2000000| Untracked |  0
|   3|0x00000000c2100000, 0x00000000c2200000, 0x00000000c2200000|100%| O|  |TAMS 0x00000000c2100000| PB 0x00000000c2100000| Untracked |  0
|   4|0x00000000c2200000, 0x00000000c2300000, 0x00000000c2300000|100%| O|  |TAMS 0x00000000c2200000| PB 0x00000000c2200000| Untracked |  0
|   5|0x00000000c2300000, 0x00000000c2400000, 0x00000000c2400000|100%| O|  |TAMS 0x00000000c2300000| PB 0x00000000c2300000| Untracked |  0
|   6|0x00000000c2400000, 0x00000000c2500000, 0x00000000c2500000|100%| O|  |TAMS 0x00000000c2400000| PB 0x00000000c2400000| Untracked |  0
|   7|0x00000000c2500000, 0x00000000c2600000, 0x00000000c2600000|100%| O|  |TAMS 0x00000000c2500000| PB 0x00000000c2500000| Untracked |  0
|   8|0x00000000c2600000, 0x00000000c26f1950, 0x00000000c2700000| 94%| O|  |TAMS 0x00000000c2600000| PB 0x00000000c2600000| Untracked |  0
|   9|0x00000000c2700000, 0x00000000c2800000, 0x00000000c2800000|100%| O|  |TAMS 0x00000000c2700000| PB 0x00000000c2700000| Untracked |  0
|  10|0x00000000c2800000, 0x00000000c28def50, 0x00000000c2900000| 87%| O|  |TAMS 0x00000000c2800000| PB 0x00000000c2800000| Untracked |  0
|  11|0x00000000c2900000, 0x00000000c2900000, 0x00000000c2a00000|  0%| F|  |TAMS 0x00000000c2900000| PB 0x00000000c2900000| Untracked |  0
|  12|0x00000000c2a00000, 0x00000000c2a00000, 0x00000000c2b00000|  0%| F|  |TAMS 0x00000000c2a00000| PB 0x00000000c2a00000| Untracked |  0
|  13|0x00000000c2b00000, 0x00000000c2b00000, 0x00000000c2c00000|  0%| F|  |TAMS 0x00000000c2b00000| PB 0x00000000c2b00000| Untracked |  0
|  14|0x00000000c2c00000, 0x00000000c2c00000, 0x00000000c2d00000|  0%| F|  |TAMS 0x00000000c2c00000| PB 0x00000000c2c00000| Untracked |  0
|  15|0x00000000c2d00000, 0x00000000c2d00000, 0x00000000c2e00000|  0%| F|  |TAMS 0x00000000c2d00000| PB 0x00000000c2d00000| Untracked |  0
|  16|0x00000000c2e00000, 0x00000000c2e00000, 0x00000000c2f00000|  0%| F|  |TAMS 0x00000000c2e00000| PB 0x00000000c2e00000| Untracked |  0
|  17|0x00000000c2f00000, 0x00000000c2f00000, 0x00000000c3000000|  0%| F|  |TAMS 0x00000000c2f00000| PB 0x00000000c2f00000| Untracked |  0
|  18|0x00000000c3000000, 0x00000000c3000000, 0x00000000c3100000|  0%| F|  |TAMS 0x00000000c3000000| PB 0x00000000c3000000| Untracked |  0
|  19|0x00000000c3100000, 0x00000000c31ebb60, 0x00000000c3200000| 92%| S|CS|TAMS 0x00000000c3100000| PB 0x00000000c3100000| Complete |  0
|  20|0x00000000c3200000, 0x00000000c3300000, 0x00000000c3300000|100%| S|CS|TAMS 0x00000000c3200000| PB 0x00000000c3200000| Complete |  0
|  21|0x00000000c3300000, 0x00000000c3300000, 0x00000000c3400000|  0%| F|  |TAMS 0x00000000c3300000| PB 0x00000000c3300000| Untracked |  0
|  22|0x00000000c3400000, 0x00000000c3400000, 0x00000000c3500000|  0%| F|  |TAMS 0x00000000c3400000| PB 0x00000000c3400000| Untracked |  0
|  23|0x00000000c3500000, 0x00000000c3500000, 0x00000000c3600000|  0%| F|  |TAMS 0x00000000c3500000| PB 0x00000000c3500000| Untracked |  0
|  24|0x00000000c3600000, 0x00000000c3600000, 0x00000000c3700000|  0%| F|  |TAMS 0x00000000c3600000| PB 0x00000000c3600000| Untracked |  0
|  25|0x00000000c3700000, 0x00000000c3700000, 0x00000000c3800000|  0%| F|  |TAMS 0x00000000c3700000| PB 0x00000000c3700000| Untracked |  0
|  26|0x00000000c3800000, 0x00000000c3800000, 0x00000000c3900000|  0%| F|  |TAMS 0x00000000c3800000| PB 0x00000000c3800000| Untracked |  0
|  27|0x00000000c3900000, 0x00000000c3a00000, 0x00000000c3a00000|100%| E|  |TAMS 0x00000000c3900000| PB 0x00000000c3900000| Complete |  0
|  28|0x00000000c3a00000, 0x00000000c3b00000, 0x00000000c3b00000|100%| E|CS|TAMS 0x00000000c3a00000| PB 0x00000000c3a00000| Complete |  0
|  29|0x00000000c3b00000, 0x00000000c3c00000, 0x00000000c3c00000|100%| E|CS|TAMS 0x00000000c3b00000| PB 0x00000000c3b00000| Complete |  0
|  30|0x00000000c3c00000, 0x00000000c3d00000, 0x00000000c3d00000|100%| E|CS|TAMS 0x00000000c3c00000| PB 0x00000000c3c00000| Complete |  0
|  31|0x00000000c3d00000, 0x00000000c3e00000, 0x00000000c3e00000|100%| E|CS|TAMS 0x00000000c3d00000| PB 0x00000000c3d00000| Complete |  0
|  32|0x00000000c3e00000, 0x00000000c3f00000, 0x00000000c3f00000|100%| E|CS|TAMS 0x00000000c3e00000| PB 0x00000000c3e00000| Complete |  0
|  33|0x00000000c3f00000, 0x00000000c4000000, 0x00000000c4000000|100%| E|CS|TAMS 0x00000000c3f00000| PB 0x00000000c3f00000| Complete |  0
|  34|0x00000000c4000000, 0x00000000c4100000, 0x00000000c4100000|100%| E|CS|TAMS 0x00000000c4000000| PB 0x00000000c4000000| Complete |  0
|  35|0x00000000c4100000, 0x00000000c4200000, 0x00000000c4200000|100%| E|CS|TAMS 0x00000000c4100000| PB 0x00000000c4100000| Complete |  0
|  36|0x00000000c4200000, 0x00000000c4300000, 0x00000000c4300000|100%| E|CS|TAMS 0x00000000c4200000| PB 0x00000000c4200000| Complete |  0
|  37|0x00000000c4300000, 0x00000000c4400000, 0x00000000c4400000|100%| E|CS|TAMS 0x00000000c4300000| PB 0x00000000c4300000| Complete |  0
|  38|0x00000000c4400000, 0x00000000c4500000, 0x00000000c4500000|100%| E|CS|TAMS 0x00000000c4400000| PB 0x00000000c4400000| Complete |  0
|  57|0x00000000c5700000, 0x00000000c5800000, 0x00000000c5800000|100%| E|CS|TAMS 0x00000000c5700000| PB 0x00000000c5700000| Complete |  0
|  58|0x00000000c5800000, 0x00000000c5900000, 0x00000000c5900000|100%| E|CS|TAMS 0x00000000c5800000| PB 0x00000000c5800000| Complete |  0
|  63|0x00000000c5d00000, 0x00000000c5e00000, 0x00000000c5e00000|100%| E|CS|TAMS 0x00000000c5d00000| PB 0x00000000c5d00000| Complete |  0
| 992|0x00000000ffe00000, 0x00000000fff00000, 0x00000000fff00000|100%| O|  |TAMS 0x00000000ffe00000| PB 0x00000000ffe00000| Untracked |  0
| 993|0x00000000fff00000, 0x0000000100000000, 0x0000000100000000|100%| E|CS|TAMS 0x00000000fff00000| PB 0x00000000fff00000| Complete |  0

Card table byte_map: [0x0000016b3da80000,0x0000016b3dc80000] _byte_map_base: 0x0000016b3d471000

Marking Bits: (CMBitMap*) 0x0000016b25d952e0
 Bits: [0x0000016b3dc80000, 0x0000016b3ec08000)

Polling page: 0x0000016b23b00000

Metaspace:
Metaspace        used 25284K, committed 25664K, reserved 1114112K
 class space     used 3106K, committed 3264K, reserved 1048576K

Usage:
  Non-class:     21.66 MB used.
      Class:      3.03 MB used.
       Both:     24.69 MB used.

Virtual space:
  Non-class space:       64.00 MB reserved,      21.88 MB ( 34%) committed,  1 nodes.
      Class space:        1.00 GB reserved,       3.19 MB ( <1%) committed,  1 nodes.
             Both:        1.06 GB reserved,      25.06 MB (  2%) committed. 

Chunk freelists:
   Non-Class:  10.11 MB
       Class:  12.83 MB
        Both:  22.94 MB

MaxMetaspaceSize: unlimited
CompressedClassSpaceSize: 1.00 GB
Initial GC threshold: 21.00 MB
Current GC threshold: 35.25 MB
CDS: on
 - commit_granule_bytes: 65536.
 - commit_granule_words: 8192.
 - virtual_space_node_default_size: 8388608.
 - enlarge_chunks_in_place: 1.
UseCompressedClassPointers 1, UseCompactObjectHeaders 0
Narrow klass pointer bits 32, Max shift 3
Narrow klass base: 0x000000002d000000, Narrow klass shift: 0
Encoding Range: [0x000000002d000000 - 0x000000012d000000), (4294967296 bytes)
Klass Range:    [0x000000002d010000 - 0x000000006e000000), (1090453504 bytes)
Klass ID Range:  [65536 - 1090519033) (1090453497)
Protection zone: [0x000000002d000000 - 0x000000002d010000), (65536 bytes)


Internal statistics:

num_allocs_failed_limit: 3.
num_arena_births: 322.
num_arena_deaths: 0.
num_vsnodes_births: 2.
num_vsnodes_deaths: 0.
num_space_committed: 401.
num_space_uncommitted: 0.
num_chunks_returned_to_freelist: 3.
num_chunks_taken_from_freelist: 1031.
num_chunk_merges: 3.
num_chunk_splits: 664.
num_chunks_enlarged: 484.
num_inconsistent_stats: 0.

CodeHeap 'non-profiled nmethods': size=120064Kb used=1134Kb max_used=1134Kb free=118929Kb
 bounds [0x0000016b36340000, 0x0000016b365b0000, 0x0000016b3d880000]
CodeHeap 'profiled nmethods': size=120064Kb used=5771Kb max_used=5771Kb free=114292Kb
 bounds [0x0000016b2e860000, 0x0000016b2ee10000, 0x0000016b35da0000]
CodeHeap 'non-nmethods': size=5760Kb used=1512Kb max_used=1544Kb free=4247Kb
 bounds [0x0000016b35da0000, 0x0000016b36010000, 0x0000016b36340000]
CodeCache: size=245888Kb, used=8417Kb, max_used=8449Kb, free=237468Kb
 total_blobs=4241, nmethods=3610, adapters=533, full_count=0
Compilation: enabled, stopped_count=0, restarted_count=0

Compilation events (20 events):
Event: 157.420 Thread 0x0000016b25e13ae0 3572       3       java.util.EnumSet::typeCheck (59 bytes)
Event: 157.421 Thread 0x0000016b25e13ae0 nmethod 3572 0x0000016b2edf2188 code [0x0000016b2edf2280, 0x0000016b2edf3188]
Event: 157.421 Thread 0x0000016b25e13ae0 3574       3       java.util.TreeMap::<init> (20 bytes)
Event: 157.421 Thread 0x0000016b25e13ae0 nmethod 3574 0x0000016b2edf3208 code [0x0000016b2edf3300, 0x0000016b2edf3500]
Event: 157.421 Thread 0x0000016b25e13ae0 3575       3       java.util.stream.Collectors$$Lambda/0x000000002e0337a0::accept (17 bytes)
Event: 157.421 Thread 0x0000016b25e13ae0 nmethod 3575 0x0000016b2edf3508 code [0x0000016b2edf3600, 0x0000016b2edf3838]
Event: 157.421 Thread 0x0000016b25e13ae0 3576       3       java.util.stream.Collectors::lambda$uniqKeysMapAccumulator$0 (49 bytes)
Event: 157.421 Thread 0x0000016b25e13ae0 nmethod 3576 0x0000016b2edf3888 code [0x0000016b2edf3980, 0x0000016b2edf3ec0]
Event: 157.423 Thread 0x0000016b25e0b210 nmethod 3569 0x0000016b3645a588 code [0x0000016b3645a680, 0x0000016b3645aab0]
Event: 157.423 Thread 0x0000016b25e0b210 3573       4       jdk.internal.util.ArraysSupport::mismatch (71 bytes)
Event: 157.424 Thread 0x0000016b25e13ae0 3578       3       java.util.concurrent.ConcurrentLinkedQueue::updateHead (26 bytes)
Event: 157.426 Thread 0x0000016b25e13ae0 nmethod 3578 0x0000016b2edf3f08 code [0x0000016b2edf4000, 0x0000016b2edf59c8]
Event: 157.426 Thread 0x0000016b25e13ae0 3579       3       java.time.Instant::until (190 bytes)
Event: 157.427 Thread 0x0000016b25e0b210 nmethod 3573 0x0000016b3645ab08 code [0x0000016b3645ac00, 0x0000016b3645ae28]
Event: 157.427 Thread 0x0000016b25e0b210 3577       4       java.lang.String$CaseInsensitiveComparator::compare (13 bytes)
Event: 157.427 Thread 0x0000016b25e13ae0 nmethod 3579 0x0000016b2edf5a88 code [0x0000016b2edf5b80, 0x0000016b2edf6e58]
Event: 157.427 Thread 0x0000016b25e13ae0 3580       3       java.util.AbstractList$RandomAccessSpliterator::tryAdvance (63 bytes)
Event: 157.427 Thread 0x0000016b25e13ae0 nmethod 3580 0x0000016b2edf6e88 code [0x0000016b2edf6f80, 0x0000016b2edf76a8]
Event: 157.427 Thread 0x0000016b25e13ae0 3581       1       java.nio.ByteBuffer::base (5 bytes)
Event: 157.427 Thread 0x0000016b25e13ae0 nmethod 3581 0x0000016b3645ae88 code [0x0000016b3645af80, 0x0000016b3645b048]

GC Heap Usage History (12 events):
Event: 2.562 {heap Before GC invocations=0 (full 0):
 garbage-first heap   total reserved 1017856K, committed 67584K, used 29842K [0x00000000c1e00000, 0x0000000100000000)
  region size 1024K, 28 young (28672K), 0 survivors (0K)
}
Event: 2.577 {heap After GC invocations=1 (full 0):
 garbage-first heap   total reserved 1017856K, committed 67584K, used 7698K [0x00000000c1e00000, 0x0000000100000000)
  region size 1024K, 4 young (4096K), 4 survivors (4096K)
}
Event: 7.216 {heap Before GC invocations=1 (full 0):
 garbage-first heap   total reserved 1017856K, committed 67584K, used 31250K [0x00000000c1e00000, 0x0000000100000000)
  region size 1024K, 28 young (28672K), 4 survivors (4096K)
}
Event: 7.225 {heap After GC invocations=2 (full 0):
 garbage-first heap   total reserved 1017856K, committed 67584K, used 10452K [0x00000000c1e00000, 0x0000000100000000)
  region size 1024K, 3 young (3072K), 3 survivors (3072K)
}
Event: 148.786 {heap Before GC invocations=2 (full 0):
 garbage-first heap   total reserved 1017856K, committed 67584K, used 39124K [0x00000000c1e00000, 0x0000000100000000)
  region size 1024K, 31 young (31744K), 3 survivors (3072K)
}
Event: 148.891 {heap After GC invocations=3 (full 0):
 garbage-first heap   total reserved 1017856K, committed 67584K, used 12036K [0x00000000c1e00000, 0x0000000100000000)
  region size 1024K, 2 young (2048K), 2 survivors (2048K)
}
Event: 149.418 {heap Before GC invocations=3 (full 0):
 garbage-first heap   total reserved 1017856K, committed 67584K, used 16132K [0x00000000c1e00000, 0x0000000100000000)
  region size 1024K, 7 young (7168K), 2 survivors (2048K)
}
Event: 149.435 {heap After GC invocations=4 (full 0):
 garbage-first heap   total reserved 1017856K, committed 67584K, used 12256K [0x00000000c1e00000, 0x0000000100000000)
  region size 1024K, 2 young (2048K), 2 survivors (2048K)
}
Event: 150.151 {heap Before GC invocations=5 (full 0):
 garbage-first heap   total reserved 1017856K, committed 45056K, used 36832K [0x00000000c1e00000, 0x0000000100000000)
  region size 1024K, 26 young (26624K), 2 survivors (2048K)
}
Event: 150.160 {heap After GC invocations=6 (full 0):
 garbage-first heap   total reserved 1017856K, committed 45056K, used 13285K [0x00000000c1e00000, 0x0000000100000000)
  region size 1024K, 3 young (3072K), 3 survivors (3072K)
}
Event: 150.192 {heap Before GC invocations=6 (full 0):
 garbage-first heap   total reserved 1017856K, committed 45056K, used 34789K [0x00000000c1e00000, 0x0000000100000000)
  region size 1024K, 24 young (24576K), 3 survivors (3072K)
}
Event: 150.203 {heap After GC invocations=7 (full 0):
 garbage-first heap   total reserved 1017856K, committed 45056K, used 14065K [0x00000000c1e00000, 0x0000000100000000)
  region size 1024K, 2 young (2048K), 2 survivors (2048K)
}

Metaspace Usage History (12 events):
Event: 2.562 {metaspace Before GC invocations=0 (full 0):
 Metaspace       used 6122K, committed 6336K, reserved 1114112K
  class space    used 657K, committed 768K, reserved 1048576K
}
Event: 2.577 {metaspace After GC invocations=1 (full 0):
 Metaspace       used 6122K, committed 6336K, reserved 1114112K
  class space    used 657K, committed 768K, reserved 1048576K
}
Event: 7.216 {metaspace Before GC invocations=1 (full 0):
 Metaspace       used 13105K, committed 13376K, reserved 1114112K
  class space    used 1544K, committed 1664K, reserved 1048576K
}
Event: 7.225 {metaspace After GC invocations=2 (full 0):
 Metaspace       used 13105K, committed 13376K, reserved 1114112K
  class space    used 1544K, committed 1664K, reserved 1048576K
}
Event: 148.787 {metaspace Before GC invocations=2 (full 0):
 Metaspace       used 19805K, committed 20096K, reserved 1114112K
  class space    used 2382K, committed 2496K, reserved 1048576K
}
Event: 148.891 {metaspace After GC invocations=3 (full 0):
 Metaspace       used 19805K, committed 20096K, reserved 1114112K
  class space    used 2382K, committed 2496K, reserved 1048576K
}
Event: 149.418 {metaspace Before GC invocations=3 (full 0):
 Metaspace       used 21193K, committed 21504K, reserved 1114112K
  class space    used 2544K, committed 2688K, reserved 1048576K
}
Event: 149.435 {metaspace After GC invocations=4 (full 0):
 Metaspace       used 21193K, committed 21504K, reserved 1114112K
  class space    used 2544K, committed 2688K, reserved 1048576K
}
Event: 150.151 {metaspace Before GC invocations=5 (full 0):
 Metaspace       used 22757K, committed 23040K, reserved 1114112K
  class space    used 2761K, committed 2880K, reserved 1048576K
}
Event: 150.160 {metaspace After GC invocations=6 (full 0):
 Metaspace       used 22757K, committed 23040K, reserved 1114112K
  class space    used 2761K, committed 2880K, reserved 1048576K
}
Event: 150.193 {metaspace Before GC invocations=6 (full 0):
 Metaspace       used 22757K, committed 23040K, reserved 1114112K
  class space    used 2761K, committed 2880K, reserved 1048576K
}
Event: 150.203 {metaspace After GC invocations=7 (full 0):
 Metaspace       used 22757K, committed 23040K, reserved 1114112K
  class space    used 2761K, committed 2880K, reserved 1048576K
}

Dll operation events (10 events):
Event: 0.030 Loaded shared library C:\Program Files\Eclipse Adoptium\jdk-25.0.3.9-hotspot\bin\java.dll
Event: 0.098 Loaded shared library C:\Program Files\Eclipse Adoptium\jdk-25.0.3.9-hotspot\bin\net.dll
Event: 0.107 Loaded shared library C:\Program Files\Eclipse Adoptium\jdk-25.0.3.9-hotspot\bin\nio.dll
Event: 0.116 Loaded shared library C:\Program Files\Eclipse Adoptium\jdk-25.0.3.9-hotspot\bin\zip.dll
Event: 0.219 Loaded shared library C:\Program Files\Eclipse Adoptium\jdk-25.0.3.9-hotspot\bin\management.dll
Event: 0.226 Loaded shared library C:\Program Files\Eclipse Adoptium\jdk-25.0.3.9-hotspot\bin\management_ext.dll
Event: 0.363 Loaded shared library C:\Program Files\Eclipse Adoptium\jdk-25.0.3.9-hotspot\bin\jimage.dll
Event: 1.264 Loaded shared library C:\Program Files\Eclipse Adoptium\jdk-25.0.3.9-hotspot\bin\verify.dll
Event: 2.719 Loaded shared library C:\Program Files\Eclipse Adoptium\jdk-25.0.3.9-hotspot\bin\extnet.dll
Event: 6.846 Loaded shared library C:\Program Files\Eclipse Adoptium\jdk-25.0.3.9-hotspot\bin\sunmscapi.dll

Deoptimization events (20 events):
Event: 150.369 Thread 0x0000016b23b6efe0 Uncommon trap: trap_request=0xffffff45 fr.pc=0x0000016b3642e858 relative=0x0000000000000258
Event: 150.369 Thread 0x0000016b23b6efe0 Uncommon trap: reason=unstable_if action=reinterpret pc=0x0000016b3642e858 method=java.lang.String.getChars(II[CI)V @ 24 c2
Event: 150.369 Thread 0x0000016b23b6efe0 DEOPT PACKING pc=0x0000016b3642e858 sp=0x0000003e0c1fc940
Event: 150.369 Thread 0x0000016b23b6efe0 DEOPT UNPACKING pc=0x0000016b35ebed02 sp=0x0000003e0c1fc900 mode 2
Event: 150.608 Thread 0x0000016b23b6efe0 Uncommon trap: trap_request=0xffffff5e fr.pc=0x0000016b3642bc40 relative=0x00000000000003c0
Event: 150.608 Thread 0x0000016b23b6efe0 Uncommon trap: reason=speculate_class_check action=maybe_recompile pc=0x0000016b3642bc40 method=java.lang.String.<init>(Ljava/lang/AbstractStringBuilder;Ljava/lang/Void;)V @ 10 c2
Event: 150.608 Thread 0x0000016b23b6efe0 DEOPT PACKING pc=0x0000016b3642bc40 sp=0x0000003e0c1fd200
Event: 150.608 Thread 0x0000016b23b6efe0 DEOPT UNPACKING pc=0x0000016b35ebed02 sp=0x0000003e0c1fd1d0 mode 2
Event: 150.621 Thread 0x0000016b23b6efe0 Uncommon trap: trap_request=0xffffff5e fr.pc=0x0000016b3642bc40 relative=0x00000000000003c0
Event: 150.621 Thread 0x0000016b23b6efe0 Uncommon trap: reason=speculate_class_check action=maybe_recompile pc=0x0000016b3642bc40 method=java.lang.String.<init>(Ljava/lang/AbstractStringBuilder;Ljava/lang/Void;)V @ 10 c2
Event: 150.621 Thread 0x0000016b23b6efe0 DEOPT PACKING pc=0x0000016b3642bc40 sp=0x0000003e0c1fd200
Event: 150.621 Thread 0x0000016b23b6efe0 DEOPT UNPACKING pc=0x0000016b35ebed02 sp=0x0000003e0c1fd1d0 mode 2
Event: 150.916 Thread 0x0000016b23b6efe0 Uncommon trap: trap_request=0xffffff5e fr.pc=0x0000016b3642bc40 relative=0x00000000000003c0
Event: 150.916 Thread 0x0000016b23b6efe0 Uncommon trap: reason=speculate_class_check action=maybe_recompile pc=0x0000016b3642bc40 method=java.lang.String.<init>(Ljava/lang/AbstractStringBuilder;Ljava/lang/Void;)V @ 10 c2
Event: 150.916 Thread 0x0000016b23b6efe0 DEOPT PACKING pc=0x0000016b3642bc40 sp=0x0000003e0c1fd080
Event: 150.916 Thread 0x0000016b23b6efe0 DEOPT UNPACKING pc=0x0000016b35ebed02 sp=0x0000003e0c1fd050 mode 2
Event: 150.917 Thread 0x0000016b23b6efe0 Uncommon trap: trap_request=0xffffff5e fr.pc=0x0000016b3642bc40 relative=0x00000000000003c0
Event: 150.917 Thread 0x0000016b23b6efe0 Uncommon trap: reason=speculate_class_check action=maybe_recompile pc=0x0000016b3642bc40 method=java.lang.String.<init>(Ljava/lang/AbstractStringBuilder;Ljava/lang/Void;)V @ 10 c2
Event: 150.917 Thread 0x0000016b23b6efe0 DEOPT PACKING pc=0x0000016b3642bc40 sp=0x0000003e0c1fd080
Event: 150.917 Thread 0x0000016b23b6efe0 DEOPT UNPACKING pc=0x0000016b35ebed02 sp=0x0000003e0c1fd050 mode 2

Classes loaded (20 events):
Event: 150.347 Loading class org/w3c/dom/DocumentFragment
Event: 150.347 Loading class org/w3c/dom/DocumentFragment done
Event: 150.363 Loading class com/sun/org/apache/xerces/internal/util/URI
Event: 150.363 Loading class com/sun/org/apache/xerces/internal/util/URI done
Event: 150.364 Loading class com/sun/org/apache/xerces/internal/parsers/AbstractSAXParser$LocatorProxy
Event: 150.364 Loading class org/xml/sax/ext/Locator2
Event: 150.364 Loading class org/xml/sax/Locator
Event: 150.364 Loading class org/xml/sax/Locator done
Event: 150.364 Loading class org/xml/sax/ext/Locator2 done
Event: 150.364 Loading class com/sun/org/apache/xerces/internal/parsers/AbstractSAXParser$LocatorProxy done
Event: 150.638 Loading class java/util/ConcurrentModificationException
Event: 150.639 Loading class java/util/ConcurrentModificationException done
Event: 150.935 Loading class java/util/TreeMap$AscendingSubMap
Event: 150.935 Loading class java/util/TreeMap$NavigableSubMap
Event: 150.936 Loading class java/util/TreeMap$NavigableSubMap done
Event: 150.936 Loading class java/util/TreeMap$AscendingSubMap done
Event: 150.936 Loading class java/util/TreeMap$NavigableSubMap$SubMapKeyIterator
Event: 150.937 Loading class java/util/TreeMap$NavigableSubMap$SubMapIterator
Event: 150.937 Loading class java/util/TreeMap$NavigableSubMap$SubMapIterator done
Event: 150.937 Loading class java/util/TreeMap$NavigableSubMap$SubMapKeyIterator done

Classes unloaded (0 events):
No events

Classes redefined (0 events):
No events

Internal exceptions (20 events):
Event: 147.592 Thread 0x0000016b23b6efe0 Exception <a 'java/lang/NoSuchMethodError'{0x00000000c49e2088}: 'void java.lang.invoke.DirectMethodHandle$Holder.invokeStaticInit(java.lang.Object)'> (0x00000000c49e2088) 
thrown [s\src\hotspot\share\interpreter\linkResolver.cpp, line 804]
Event: 147.720 Thread 0x0000016b23b6efe0 Exception <a 'java/lang/NoSuchMethodError'{0x00000000c48fe478}: 'java.lang.Object java.lang.invoke.DirectMethodHandle$Holder.invokeStatic(java.lang.Object, java.lang.Object, int)'> (0x00000000c48fe478) 
thrown [s\src\hotspot\share\interpreter\linkResolver.cpp, line 804]
Event: 147.727 Thread 0x0000016b23b6efe0 Exception <a 'java/lang/NoSuchMethodError'{0x00000000c4717cb8}: 'void java.lang.invoke.DelegatingMethodHandle$Holder.delegate(java.lang.Object, java.lang.Object, int, java.lang.Object)'> (0x00000000c4717cb8) 
thrown [s\src\hotspot\share\interpreter\linkResolver.cpp, line 804]
Event: 147.804 Thread 0x0000016b23b6efe0 Exception <a 'java/lang/IncompatibleClassChangeError'{0x00000000c47847b0}: Found class java.lang.Object, but interface was expected> (0x00000000c47847b0) 
thrown [s\src\hotspot\share\interpreter\linkResolver.cpp, line 871]
Event: 148.659 Thread 0x0000016b23b6efe0 Exception <a 'java/lang/NoSuchMethodError'{0x00000000c40bc148}: 'void java.lang.invoke.DirectMethodHandle$Holder.invokeVirtual(java.lang.Object, java.lang.Object, java.lang.Object, int)'> (0x00000000c40bc148) 
thrown [s\src\hotspot\share\interpreter\linkResolver.cpp, line 804]
Event: 148.661 Thread 0x0000016b23b6efe0 Exception <a 'java/lang/NoSuchMethodError'{0x00000000c40cd150}: 'void java.lang.invoke.DirectMethodHandle$Holder.invokeVirtual(java.lang.Object, java.lang.Object, java.lang.Object, java.lang.Object)'> (0x00000000c40cd150) 
thrown [s\src\hotspot\share\interpreter\linkResolver.cpp, line 804]
Event: 148.722 Thread 0x0000016b23b6efe0 Exception <a 'java/lang/NoSuchMethodError'{0x00000000c3f372e8}: 'void java.lang.invoke.DirectMethodHandle$Holder.invokeStatic(java.lang.Object, java.lang.Object, java.lang.Object, int)'> (0x00000000c3f372e8) 
thrown [s\src\hotspot\share\interpreter\linkResolver.cpp, line 804]
Event: 148.723 Thread 0x0000016b23b6efe0 Exception <a 'java/lang/NoSuchMethodError'{0x00000000c3f3f6e8}: 'void java.lang.invoke.DirectMethodHandle$Holder.invokeStaticInit(java.lang.Object, java.lang.Object, java.lang.Object, int)'> (0x00000000c3f3f6e8) 
thrown [s\src\hotspot\share\interpreter\linkResolver.cpp, line 804]
Event: 148.897 Thread 0x0000016b41b24350 Exception <a 'java/lang/NoSuchMethodError'{0x00000000c5d979b8}: 'int java.lang.invoke.DirectMethodHandle$Holder.invokeStatic(java.lang.Object)'> (0x00000000c5d979b8) 
thrown [s\src\hotspot\share\interpreter\linkResolver.cpp, line 804]
Event: 149.254 Thread 0x0000016b23b6efe0 Exception <a 'java/lang/NoSuchMethodError'{0x00000000c5a267a8}: 'java.lang.Object java.lang.invoke.DirectMethodHandle$Holder.invokeStaticInit(java.lang.Object, java.lang.Object, java.lang.Object)'> (0x00000000c5a267a8) 
thrown [s\src\hotspot\share\interpreter\linkResolver.cpp, line 804]
Event: 149.255 Thread 0x0000016b23b6efe0 Exception <a 'java/lang/NoSuchMethodError'{0x00000000c5a36698}: 'java.lang.Object java.lang.invoke.DirectMethodHandle$Holder.invokeStatic(java.lang.Object, java.lang.Object, int, int)'> (0x00000000c5a36698) 
thrown [s\src\hotspot\share\interpreter\linkResolver.cpp, line 804]
Event: 149.255 Thread 0x0000016b23b6efe0 Exception <a 'java/lang/NoSuchMethodError'{0x00000000c5a3ea98}: 'java.lang.Object java.lang.invoke.DirectMethodHandle$Holder.invokeStaticInit(java.lang.Object, java.lang.Object, int, int)'> (0x00000000c5a3ea98) 
thrown [s\src\hotspot\share\interpreter\linkResolver.cpp, line 804]
Event: 150.009 Thread 0x0000016b23b6efe0 Exception <a 'java/lang/NoSuchMethodError'{0x00000000c3e8ca28}: 'java.lang.Object java.lang.invoke.DirectMethodHandle$Holder.newInvokeSpecial(java.lang.Object, java.lang.Object, int, java.lang.Object)'> (0x00000000c3e8ca28) 
thrown [s\src\hotspot\share\interpreter\linkResolver.cpp, line 804]
Event: 150.900 Thread 0x0000016b23b6efe0 Exception <a 'java/lang/NoSuchMethodError'{0x00000000c3ea1b00}: 'java.lang.Object java.lang.invoke.DirectMethodHandle$Holder.invokeVirtual(java.lang.Object, java.lang.Object, int)'> (0x00000000c3ea1b00) 
thrown [s\src\hotspot\share\interpreter\linkResolver.cpp, line 804]
Event: 150.904 Thread 0x0000016b23b6efe0 Exception <a 'java/lang/NoSuchMethodError'{0x00000000c3eb21d8}: 'void java.lang.invoke.DirectMethodHandle$Holder.invokeVirtual(java.lang.Object, java.lang.Object, int, java.lang.Object)'> (0x00000000c3eb21d8) 
thrown [s\src\hotspot\share\interpreter\linkResolver.cpp, line 804]
Event: 153.452 Thread 0x0000016b41b2a110 Exception <a 'java/net/ConnectException'{0x00000000c3bd5408}: Connection refused: getsockopt> (0x00000000c3bd5408) 
thrown [s\src\hotspot\share\prims\jni.cpp, line 534]
Event: 153.462 Thread 0x0000016b41b2a110 Exception <a 'java/net/ConnectException'{0x00000000c3bd63d8}: Connection refused: getsockopt> (0x00000000c3bd63d8) 
thrown [s\src\hotspot\share\prims\jni.cpp, line 534]
Event: 153.487 Thread 0x0000016b41b2a110 Exception <a 'java/net/ConnectException'{0x00000000c3bd73a8}: Connection refused: getsockopt> (0x00000000c3bd73a8) 
thrown [s\src\hotspot\share\prims\jni.cpp, line 534]
Event: 153.532 Thread 0x0000016b41b2a110 Exception <a 'java/net/ConnectException'{0x00000000c3bd8378}: Connection refused: getsockopt> (0x00000000c3bd8378) 
thrown [s\src\hotspot\share\prims\jni.cpp, line 534]
Event: 153.616 Thread 0x0000016b41b2a110 Exception <a 'java/net/ConnectException'{0x00000000c3bd9348}: Connection refused: getsockopt> (0x00000000c3bd9348) 
thrown [s\src\hotspot\share\prims\jni.cpp, line 534]

VM Operations (20 events):
Event: 147.923 Executing non-safepoint VM operation: HandshakeAllThreads (Deoptimize)
Event: 147.923 Executing non-safepoint VM operation: HandshakeAllThreads (Deoptimize) done
Event: 148.400 Executing non-safepoint VM operation: HandshakeAllThreads (Deoptimize)
Event: 148.400 Executing non-safepoint VM operation: HandshakeAllThreads (Deoptimize) done
Event: 148.785 Executing safepoint VM operation: G1CollectForAllocation (G1 Evacuation Pause)
Event: 148.891 Executing safepoint VM operation: G1CollectForAllocation (G1 Evacuation Pause) done
Event: 149.327 Executing non-safepoint VM operation: HandshakeAllThreads (Deoptimize)
Event: 149.327 Executing non-safepoint VM operation: HandshakeAllThreads (Deoptimize) done
Event: 149.418 Executing safepoint VM operation: CollectForMetadataAllocation (Metadata GC Threshold)
Event: 149.436 Executing safepoint VM operation: CollectForMetadataAllocation (Metadata GC Threshold) done
Event: 149.519 Executing safepoint VM operation: G1PauseRemark
Event: 149.538 Executing safepoint VM operation: G1PauseRemark done
Event: 149.547 Executing safepoint VM operation: G1PauseCleanup
Event: 149.547 Executing safepoint VM operation: G1PauseCleanup done
Event: 150.004 Executing non-safepoint VM operation: HandshakeAllThreads (Deoptimize)
Event: 150.004 Executing non-safepoint VM operation: HandshakeAllThreads (Deoptimize) done
Event: 150.151 Executing safepoint VM operation: G1CollectForAllocation (G1 Evacuation Pause)
Event: 150.160 Executing safepoint VM operation: G1CollectForAllocation (G1 Evacuation Pause) done
Event: 150.192 Executing safepoint VM operation: G1CollectForAllocation (G1 Evacuation Pause)
Event: 150.203 Executing safepoint VM operation: G1CollectForAllocation (G1 Evacuation Pause) done

Memory protections (0 events):
No events

Nmethod flushes (0 events):
No events

Events (20 events):
Event: 147.451 Thread 0x0000016b41b2a110 Thread added: 0x0000016b4662dac0
Event: 147.481 Thread 0x0000016b41b26a60 Thread exited: 0x0000016b41b26a60
Event: 147.484 Thread 0x0000016b41b27a00 Thread exited: 0x0000016b41b27a00
Event: 147.485 Thread 0x0000016b41b2a8e0 Thread exited: 0x0000016b41b2a8e0
Event: 148.905 Thread 0x0000016b4662fa00 Thread exited: 0x0000016b4662fa00
Event: 148.951 Thread 0x0000016b41b24350 Thread exited: 0x0000016b41b24350
Event: 149.539 Thread 0x0000016b412d6fa0 Thread exited: 0x0000016b412d6fa0
Event: 151.132 Thread 0x0000016b23b6efe0 Thread added: 0x0000016b466328e0
Event: 153.381 Thread 0x0000016b466328e0 Thread exited: 0x0000016b466328e0
Event: 153.411 Thread 0x0000016b23b6efe0 Thread added: 0x0000016b46631170
Event: 153.448 Thread 0x0000016b23b6efe0 Thread added: 0x0000016b466328e0
Event: 153.448 Thread 0x0000016b23b6efe0 Thread added: 0x0000016b4662bb80
Event: 153.448 Thread 0x0000016b23b6efe0 Thread added: 0x0000016b41b27a00
Event: 153.789 Thread 0x0000016b23b6efe0 Thread added: 0x0000016b41b26a60
Event: 153.794 Thread 0x0000016b46631170 Thread added: 0x0000016b41b2b0b0
Event: 153.794 Thread 0x0000016b46631170 Thread added: 0x0000016b41b24350
Event: 157.373 Thread 0x0000016b23b6efe0 Thread added: 0x0000016b46401440
Event: 157.374 Thread 0x0000016b23b6efe0 Thread added: 0x0000016b46401c10
Event: 157.389 Thread 0x0000016b46401440 Thread added: 0x0000016b411086c0
Event: 157.395 Thread 0x0000016b46401440 Thread added: 0x0000016b414c3aa0


Dynamic libraries:
0x00007ff64dca0000 - 0x00007ff64dcae000 	C:\Program Files\Eclipse Adoptium\jdk-25.0.3.9-hotspot\bin\java.exe
0x00007ff87ddf0000 - 0x00007ff87dfe8000 	C:\Windows\SYSTEM32\ntdll.dll
0x00007ff87bed0000 - 0x00007ff87bf92000 	C:\Windows\System32\KERNEL32.DLL
0x00007ff87b480000 - 0x00007ff87b776000 	C:\Windows\System32\KERNELBASE.dll
0x00007ff87bbe0000 - 0x00007ff87bce0000 	C:\Windows\System32\ucrtbase.dll
0x00007ff874da0000 - 0x00007ff874db6000 	C:\Program Files\Eclipse Adoptium\jdk-25.0.3.9-hotspot\bin\jli.dll
0x00007ff874ec0000 - 0x00007ff874ede000 	C:\Program Files\Eclipse Adoptium\jdk-25.0.3.9-hotspot\bin\VCRUNTIME140.dll
0x00007ff87a7b0000 - 0x00007ff87aa4b000 	C:\Windows\WinSxS\amd64_microsoft.windows.common-controls_6595b64144ccf1df_6.0.19041.6456_none_60b8a6cb71f64256\COMCTL32.dll
0x00007ff87c490000 - 0x00007ff87c52e000 	C:\Windows\System32\msvcrt.dll
0x00007ff87c2d0000 - 0x00007ff87c2fb000 	C:\Windows\System32\GDI32.dll
0x00007ff87bd90000 - 0x00007ff87bdb2000 	C:\Windows\System32\win32u.dll
0x00007ff87bac0000 - 0x00007ff87bbd9000 	C:\Windows\System32\gdi32full.dll
0x00007ff87b810000 - 0x00007ff87b8ad000 	C:\Windows\System32\msvcp_win.dll
0x00007ff87cd60000 - 0x00007ff87cf01000 	C:\Windows\System32\USER32.dll
0x00007ff87d960000 - 0x00007ff87d98f000 	C:\Windows\System32\IMM32.DLL
0x00007ff8771e0000 - 0x00007ff8771ec000 	C:\Program Files\Eclipse Adoptium\jdk-25.0.3.9-hotspot\bin\vcruntime140_1.dll
0x00007ff84b410000 - 0x00007ff84b49d000 	C:\Program Files\Eclipse Adoptium\jdk-25.0.3.9-hotspot\bin\msvcp140.dll
0x00007fffb0290000 - 0x00007fffb11ba000 	C:\Program Files\Eclipse Adoptium\jdk-25.0.3.9-hotspot\bin\server\jvm.dll
0x00007ff87c000000 - 0x00007ff87c0b1000 	C:\Windows\System32\ADVAPI32.dll
0x00007ff87be10000 - 0x00007ff87beaf000 	C:\Windows\System32\sechost.dll
0x00007ff87d240000 - 0x00007ff87d360000 	C:\Windows\System32\RPCRT4.dll
0x00007ff87bce0000 - 0x00007ff87bd07000 	C:\Windows\System32\bcrypt.dll
0x00007ff87c420000 - 0x00007ff87c48b000 	C:\Windows\System32\WS2_32.dll
0x00007ff8715c0000 - 0x00007ff8715ca000 	C:\Windows\SYSTEM32\VERSION.dll
0x00007ff87b350000 - 0x00007ff87b39b000 	C:\Windows\SYSTEM32\POWRPROF.dll
0x00007ff8691b0000 - 0x00007ff8691d7000 	C:\Windows\SYSTEM32\WINMM.dll
0x00007ff87b2c0000 - 0x00007ff87b2d2000 	C:\Windows\SYSTEM32\UMPDC.dll
0x00007ff8783e0000 - 0x00007ff8783f2000 	C:\Windows\SYSTEM32\kernel.appcore.dll
0x00007ff874df0000 - 0x00007ff874dfa000 	C:\Program Files\Eclipse Adoptium\jdk-25.0.3.9-hotspot\bin\jimage.dll
0x00007ff87ad50000 - 0x00007ff87af51000 	C:\Windows\SYSTEM32\DBGHELP.DLL
0x00007ff87ab60000 - 0x00007ff87ab94000 	C:\Windows\SYSTEM32\dbgcore.DLL
0x00007ff87b780000 - 0x00007ff87b802000 	C:\Windows\System32\bcryptPrimitives.dll
0x00007ff8749d0000 - 0x00007ff8749ee000 	C:\Program Files\Eclipse Adoptium\jdk-25.0.3.9-hotspot\bin\java.dll
0x00007ff87d110000 - 0x00007ff87d23b000 	C:\Windows\System32\ole32.dll
0x00007ff87d990000 - 0x00007ff87dce4000 	C:\Windows\System32\combase.dll
0x00007ff87c590000 - 0x00007ff87cd00000 	C:\Windows\System32\SHELL32.dll
0x00007ff8787c0000 - 0x00007ff878f65000 	C:\Windows\SYSTEM32\windows.storage.dll
0x00007ff87a710000 - 0x00007ff87a73b000 	C:\Windows\SYSTEM32\Wldp.dll
0x00007ff87cf10000 - 0x00007ff87cfdd000 	C:\Windows\System32\OLEAUT32.dll
0x00007ff87dd00000 - 0x00007ff87ddad000 	C:\Windows\System32\SHCORE.dll
0x00007ff87bfa0000 - 0x00007ff87bffb000 	C:\Windows\System32\shlwapi.dll
0x00007ff87b3b0000 - 0x00007ff87b3d4000 	C:\Windows\SYSTEM32\profapi.dll
0x00007ff874180000 - 0x00007ff874191000 	C:\Program Files\Eclipse Adoptium\jdk-25.0.3.9-hotspot\bin\net.dll
0x00007ff87a3f0000 - 0x00007ff87a45a000 	C:\Windows\system32\mswsock.dll
0x00007ff872490000 - 0x00007ff8724a6000 	C:\Program Files\Eclipse Adoptium\jdk-25.0.3.9-hotspot\bin\nio.dll
0x00007ff8642d0000 - 0x00007ff8642e6000 	C:\Program Files\Eclipse Adoptium\jdk-25.0.3.9-hotspot\bin\zip.dll
0x00007ff874d10000 - 0x00007ff874d1a000 	C:\Program Files\Eclipse Adoptium\jdk-25.0.3.9-hotspot\bin\management.dll
0x00007ff85b430000 - 0x00007ff85b43c000 	C:\Program Files\Eclipse Adoptium\jdk-25.0.3.9-hotspot\bin\management_ext.dll
0x00007ff87cfe0000 - 0x00007ff87cfe8000 	C:\Windows\System32\PSAPI.DLL
0x00007ff85b410000 - 0x00007ff85b420000 	C:\Program Files\Eclipse Adoptium\jdk-25.0.3.9-hotspot\bin\verify.dll
0x00007ff87b110000 - 0x00007ff87b128000 	C:\Windows\SYSTEM32\CRYPTSP.dll
0x00007ff879df0000 - 0x00007ff879e28000 	C:\Windows\system32\rsaenh.dll
0x00007ff87b2e0000 - 0x00007ff87b30e000 	C:\Windows\SYSTEM32\USERENV.dll
0x00007ff87a700000 - 0x00007ff87a70c000 	C:\Windows\SYSTEM32\CRYPTBASE.dll
0x00007ff87a5d0000 - 0x00007ff87a60b000 	C:\Windows\SYSTEM32\IPHLPAPI.DLL
0x00007ff87dcf0000 - 0x00007ff87dcf8000 	C:\Windows\System32\NSI.dll
0x00007ff85b420000 - 0x00007ff85b429000 	C:\Program Files\Eclipse Adoptium\jdk-25.0.3.9-hotspot\bin\extnet.dll
0x00007ff87a150000 - 0x00007ff87a21a000 	C:\Windows\SYSTEM32\DNSAPI.dll
0x00007ff8725d0000 - 0x00007ff8725da000 	C:\Windows\System32\rasadhlp.dll
0x00007ff868b50000 - 0x00007ff868bd0000 	C:\Windows\System32\fwpuclnt.dll
0x00007ff85b400000 - 0x00007ff85b40e000 	C:\Program Files\Eclipse Adoptium\jdk-25.0.3.9-hotspot\bin\sunmscapi.dll
0x00007ff87b8b0000 - 0x00007ff87ba0d000 	C:\Windows\System32\CRYPT32.dll
0x00007ff87a780000 - 0x00007ff87a7a7000 	C:\Windows\SYSTEM32\ncrypt.dll
0x00007ff87a740000 - 0x00007ff87a77b000 	C:\Windows\SYSTEM32\NTASN1.dll
0x00007ff877a70000 - 0x00007ff877a77000 	C:\Windows\system32\wshunix.dll
0x00007ff8540d0000 - 0x00007ff8540e7000 	C:\Windows\system32\napinsp.dll
0x00007ff8540b0000 - 0x00007ff8540cb000 	C:\Windows\system32\pnrpnsp.dll
0x00007ff875460000 - 0x00007ff87547d000 	C:\Windows\system32\wshbth.dll
0x00007ff8774b0000 - 0x00007ff8774cd000 	C:\Windows\system32\NLAapi.dll
0x00007ff854090000 - 0x00007ff8540a2000 	C:\Windows\System32\winrnr.dll

JVMTI agents: none

dbghelp: loaded successfully - version: 4.0.5 - missing functions: none
symbol engine: initialized successfully - sym options: 0x614 - pdb path: .;C:\Program Files\Eclipse Adoptium\jdk-25.0.3.9-hotspot\bin;C:\Windows\SYSTEM32;C:\Windows\WinSxS\amd64_microsoft.windows.common-controls_6595b64144ccf1df_6.0.19041.6456_none_60b8a6cb71f64256;C:\Program Files\Eclipse Adoptium\jdk-25.0.3.9-hotspot\bin\server

VM Arguments:
java_command: C:\Users\lenovo\AppData\Local\Temp\surefire3297527423811361606\surefirebooter-20260707121031833_3.jar C:\Users\lenovo\AppData\Local\Temp\surefire3297527423811361606 2026-07-07T12-10-31_034-jvmRun1 surefire-20260707121031833_1tmp surefire_0-20260707121031833_2tmp
java_class_path (initial): C:\Users\lenovo\AppData\Local\Temp\surefire3297527423811361606\surefirebooter-20260707121031833_3.jar
Launcher Type: SUN_STANDARD

[Global flags]
     intx CICompilerCount                          = 3                                         {product} {ergonomic}
     uint ConcGCThreads                            = 1                                         {product} {ergonomic}
     uint G1ConcRefinementThreads                  = 4                                         {product} {ergonomic}
   size_t G1HeapRegionSize                         = 1048576                                   {product} {ergonomic}
   size_t InitialHeapSize                          = 67108864                                  {product} {ergonomic}
   size_t MarkStackSize                            = 4194304                                   {product} {ergonomic}
   size_t MarkStackSizeMax                         = 536870912                                 {product} {ergonomic}
   size_t MaxHeapSize                              = 1042284544                                {product} {ergonomic}
   size_t MaxNewSize                               = 624951296                                 {product} {ergonomic}
   size_t MinHeapDeltaBytes                        = 1048576                                   {product} {ergonomic}
   size_t MinHeapSize                              = 8388608                                   {product} {ergonomic}
    uintx NonNMethodCodeHeapSize                   = 5898240                                {pd product} {ergonomic}
    uintx NonProfiledCodeHeapSize                  = 122945536                              {pd product} {ergonomic}
    uintx ProfiledCodeHeapSize                     = 122945536                              {pd product} {ergonomic}
    uintx ReservedCodeCacheSize                    = 251789312                              {pd product} {ergonomic}
     bool SegmentedCodeCache                       = true                                      {product} {ergonomic}
   size_t SoftMaxHeapSize                          = 1042284544                             {manageable} {ergonomic}
     bool UseCompressedOops                        = true                           {product lp64_product} {ergonomic}
     bool UseG1GC                                  = true                                      {product} {ergonomic}
     bool UseLargePagesIndividualAllocation        = false                                  {pd product} {ergonomic}

Logging:
Log output configuration:
 #0: stdout all=warning uptime,level,tags foldmultilines=false
 #1: stderr all=off uptime,level,tags foldmultilines=false

Release file:
IMPLEMENTOR="Eclipse Adoptium" 
IMPLEMENTOR_VERSION="Temurin-25.0.3+9" 
JAVA_RUNTIME_VERSION="25.0.3+9-LTS" 
JAVA_VERSION="25.0.3" 
JAVA_VERSION_DATE="2026-04-21" 
LIBC="default" 
MODULES="java.base java.compiler java.datatransfer java.xml java.prefs java.desktop java.instrument java.logging java.management java.security.sasl java.naming java.rmi java.management.rmi java.net.http java.scripting java.security.jgss java.transaction.xa java.sql java.sql.rowset java.xml.crypto java.se java.smartcardio jdk.accessibility jdk.internal.jvmstat jdk.attach jdk.charsets jdk.internal.opt jdk.zipfs jdk.compiler jdk.crypto.cryptoki jdk.crypto.ec jdk.crypto.mscapi jdk.dynalink jdk.internal.ed jdk.editpad jdk.internal.vm.ci jdk.graal.compiler jdk.graal.compiler.management jdk.hotspot.agent jdk.httpserver jdk.incubator.vector jdk.internal.le jdk.internal.md jdk.jartool jdk.javadoc jdk.jcmd jdk.management jdk.management.agent jdk.jconsole jdk.jdeps jdk.jdwp.agent jdk.jdi jdk.jfr jdk.jlink jdk.jpackage jdk.jshell jdk.jsobject jdk.jstatd jdk.localedata jdk.management.jfr jdk.naming.dns jdk.naming.rmi jdk.net jdk.nio.mapmode jdk.sctp jdk.security.auth jdk.security.jgss jdk.unsupported jdk.unsupported.desktop jdk.xml.dom" 
OS_ARCH="x86_64" 
OS_NAME="Windows" 
SOURCE=".:git:cda0a1776184" 
BUILD_SOURCE="git:a612825ee82a20ac872d60958c349854c1f29a8e"
BUILD_SOURCE_REPO="https://github.com/adoptium/temurin-build.git"
SOURCE_REPO="https://github.com/adoptium/jdk25u.git"
FULL_VERSION="25.0.3+9-LTS"
SEMANTIC_VERSION="25.0.3+9"
BUILD_INFO="OS: Windows Server 2022 Version: 10.0"
JVM_VARIANT="Hotspot"
JVM_VERSION="25.0.3+9-LTS"
IMAGE_TYPE="JDK"

Environment Variables:
JAVA_HOME=C:\Program Files\Eclipse Adoptium\jdk-25.0.3.9-hotspot\
PATH=C:\Users\lenovo\.jenkins\tools\hudson.tasks.Maven_MavenInstallation\TestMaven/bin;C:\Program Files\Eclipse Adoptium\jdk-25.0.3.9-hotspot\bin;C:\Windows\system32;C:\Windows;C:\Windows\System32\Wbem;C:\Windows\System32\WindowsPowerShell\v1.0\;C:\Windows\System32\OpenSSH\;C:\Program Files (x86)\NVIDIA Corporation\PhysX\Common;C:\Program Files\NVIDIA Corporation\NVIDIA NvDLISR;C:\Program Files\apache-maven-3.9.16\bin;C:\Users\lenovo\AppData\Local\Microsoft\WindowsApps;
USERNAME=lenovo
OS=Windows_NT
PROCESSOR_IDENTIFIER=Intel64 Family 6 Model 142 Stepping 9, GenuineIntel
TMP=C:\Users\lenovo\AppData\Local\Temp
TEMP=C:\Users\lenovo\AppData\Local\Temp




Compilation memory statistics disabled.

Periodic native trim disabled

---------------  S Y S T E M  ---------------

OS:
 Windows 10 , 64 bit Build 19041 (10.0.19041.5915)
OS uptime: 7 days 11:26 hours

CPU: total 4 (initial active 4) (2 cores per cpu, 2 threads per core) family 6 model 142 stepping 9 microcode 0xb4, cx8, cmov, fxsr, ht, mmx, 3dnowpref, sse, sse2, sse3, ssse3, sse4.1, sse4.2, popcnt, lzcnt, tsc, tscinvbit, avx, avx2, aes, erms, clmul, bmi1, bmi2, adx, fma, vzeroupper, clflush, clflushopt, rdtscp, f16c
Processor Information for the first 4 processors :
  Max Mhz: 2712, Current Mhz: 2511, Mhz Limit: 2495

Memory: 4k page, system-wide physical 3970M (153M free)
TotalPageFile size 16258M (AvailPageFile size 11M)
current process WorkingSet (physical memory assigned to process): 111M, peak: 128M
current process commit charge ("private bytes"): 165M, peak: 201M

vm_info: OpenJDK 64-Bit Server VM (25.0.3+9-LTS) for windows-amd64 JRE (25.0.3+9-LTS), built on 2026-04-21T00:00:00Z with MS VC++ 17.12 (VS2022)

END.
